
================== ASTRAL ===================== 

This is ASTRAL version 5.7.3
Gene trees are treated as unrooted
10400 trees read from Filtered_all.trees
Scoring P_ni_astral_all_out.tre
Scoring: 1 trees
Number of taxa: 77 (9 species)
Taxa: {ref=[reference], Inam=[P_ni_A7911_In, P_ni_A7928_In, P_ni_T6243_In, P_ni_A7862_In], Para=[P_ni_T12345_pa, P_ni_A7066_pa, P_ni_A14342_pa, P_ni_T10673_pa, P_ni_T1642_pa, P_ni_T11222_pa, P_ni_A15277_pa, P_ni_T18703_pa, P_ni_T11193_pa, P_ni_T12854_pa, P_ni_T10940_pa], SuTa=[P_ni_85721_suta, P_ni_T10967_suta, P_ni_77876_suta, P_ni_T14543_suta, P_ni_T9076_suta, P_ni_78155_suta, P_ni_T10204_suta, P_ni_A15120_suta, P_ni_T11888_suta, P_ni_T16698_suta], Roar=[P_ni_J373_roar, P_ni_J381_roar, P_ni_J385_roar, P_ni_J363_roar, P_ni_J371_roar, P_ni_J684_roar, P_ni_J724_roar, P_ni_J361_roar, P_ni_J389_roar, P_ni_J417_roar], ArSu=[P_ni_J614_arsu, P_ni_86072_arsu, P_ni_85430_arsu, P_ni_80874_arsu, P_ni_J602_arsu, P_ni_80684_arsu, P_ni_J617_arsu, P_ni_J603_arsu, P_ni_80555_arsu, P_ni_80802_arsu, P_ni_J551_arsu], Mach=[P_ni_A2418_ma, P_ni_J461_ma, P_ni_J462_ma, P_ni_J227_ma, P_ni_A542_ma, P_ni_T467_ma, P_ni_J434_ma, P_ni_J260_ma, P_ni_T369_ma, P_ni_J210_ma, P_ni_T443_ma, P_ni_J485_ma], JiGu=[P_ni_T3261_jigu, P_ni_T22153_jigu, P_ni_A3255_jigu, P_ni_T15863_jigu, P_ni_T15871_jigu, P_ni_T15868_jigu], Puru=[P_ni_T3611_pu, P_ni_T4043_pu, P_ni_T5940_pu, P_ni_T4404_pu, P_ni_T15938_pu, P_ni_T4313_pu, P_ni_T5974_pu, P_ni_T5850_pu, P_ni_80034_pu, P_ni_T3609_pu, P_ni_T4051_pu, P_ni_T3817_pu]}
Taxon occupancy: {P_ni_J614_arsu=10098, P_ni_85721_suta=9957, P_ni_T3261_jigu=10337, P_ni_T12345_pa=8768, P_ni_86072_arsu=10330, P_ni_A2418_ma=7540, P_ni_T22153_jigu=10314, P_ni_A7066_pa=4701, P_ni_A7911_In=8007, P_ni_J373_roar=10118, P_ni_A3255_jigu=10106, reference=10400, P_ni_J461_ma=9674, P_ni_J381_roar=9557, P_ni_T10967_suta=9625, P_ni_T3611_pu=9420, P_ni_A7928_In=9795, P_ni_77876_suta=9656, P_ni_85430_arsu=9678, P_ni_80874_arsu=7589, P_ni_A14342_pa=10214, P_ni_T4043_pu=8425, P_ni_T5940_pu=9856, P_ni_T4404_pu=10008, P_ni_T10673_pa=10238, P_ni_T14543_suta=10311, P_ni_J602_arsu=10287, P_ni_J462_ma=10117, P_ni_T15863_jigu=8493, P_ni_T1642_pa=10279, P_ni_T9076_suta=10300, P_ni_J227_ma=10065, P_ni_T15938_pu=9716, P_ni_78155_suta=10269, P_ni_80684_arsu=10256, P_ni_A542_ma=10264, P_ni_T11222_pa=10265, P_ni_J385_roar=9913, P_ni_T15871_jigu=10138, P_ni_T4313_pu=9502, P_ni_J617_arsu=9895, P_ni_A15277_pa=10108, P_ni_T18703_pa=9935, P_ni_J363_roar=10374, P_ni_J371_roar=10353, P_ni_T10204_suta=9626, P_ni_T467_ma=10211, P_ni_J434_ma=10328, P_ni_J684_roar=9881, P_ni_J724_roar=10304, P_ni_J603_arsu=10109, P_ni_J260_ma=10241, P_ni_T5974_pu=10125, P_ni_T15868_jigu=10331, P_ni_T5850_pu=7741, P_ni_A15120_suta=9549, P_ni_80555_arsu=10298, P_ni_T369_ma=9564, P_ni_80034_pu=9762, P_ni_J361_roar=10351, P_ni_T6243_In=9212, P_ni_J389_roar=10124, P_ni_J210_ma=10338, P_ni_T11193_pa=9925, P_ni_A7862_In=10098, P_ni_T443_ma=10281, P_ni_80802_arsu=7574, P_ni_T12854_pa=10265, P_ni_T3609_pu=7923, P_ni_T4051_pu=9457, P_ni_T10940_pa=9584, P_ni_J417_roar=10318, P_ni_T11888_suta=10140, P_ni_J485_ma=10313, P_ni_J551_arsu=10200, P_ni_T3817_pu=10163, P_ni_T16698_suta=7744}
Number of gene trees: 10400
8312 trees have missing taxa
Using tree-based weight calculation.
Using polytree-based weight calculation.
Polytree max score: 10986485840
Polytree building time: 5.37 seconds.
Counting unresolvable quartets ... 569723758
Number of quartet trees in the gene trees: 10416762082
Final quartet score is: 4110946657
Final normalized quartet score is: 0.3946472641535752
((P_ni_J614_arsu,P_ni_86072_arsu,P_ni_85430_arsu,P_ni_80874_arsu,P_ni_J602_arsu,P_ni_80684_arsu,P_ni_J617_arsu,P_ni_J603_arsu,P_ni_80555_arsu,P_ni_80802_arsu,P_ni_J551_arsu)33.41:0.0010515828307922762,((P_ni_85721_suta,P_ni_T10967_suta,P_ni_77876_suta,P_ni_T14543_suta,P_ni_T9076_suta,P_ni_78155_suta,P_ni_T10204_suta,P_ni_A15120_suta,P_ni_T11888_suta,P_ni_T16698_suta)33.76:0.006411767773090675,(((P_ni_J373_roar,P_ni_J381_roar,P_ni_J385_roar,P_ni_J363_roar,P_ni_J371_roar,P_ni_J684_roar,P_ni_J724_roar,P_ni_J361_roar,P_ni_J389_roar,P_ni_J417_roar)34.39:0.01591099539082852,((P_ni_T3261_jigu,P_ni_T22153_jigu,P_ni_A3255_jigu,P_ni_T15863_jigu,P_ni_T15871_jigu,P_ni_T15868_jigu)34.1:0.011489532353092458,(P_ni_A2418_ma,P_ni_J461_ma,P_ni_J462_ma,P_ni_J227_ma,P_ni_A542_ma,P_ni_T467_ma,P_ni_J434_ma,P_ni_J260_ma,P_ni_T369_ma,P_ni_J210_ma,P_ni_T443_ma,P_ni_J485_ma)33.31:0.0)34.15:0.012261625217801431)35.31:0.030032489589108965,((P_ni_T12345_pa,P_ni_A7066_pa,P_ni_A14342_pa,P_ni_T10673_pa,P_ni_T1642_pa,P_ni_T11222_pa,P_ni_A15277_pa,P_ni_T18703_pa,P_ni_T11193_pa,P_ni_T12854_pa,P_ni_T10940_pa)40.15:0.10778810002287212,(((P_ni_A7911_In,P_ni_A7928_In,P_ni_T6243_In,P_ni_A7862_In)34.59:0.019036643434828384,(P_ni_T3611_pu,P_ni_T4043_pu,P_ni_T5940_pu,P_ni_T4404_pu,P_ni_T15938_pu,P_ni_T4313_pu,P_ni_T5974_pu,P_ni_T5850_pu,P_ni_80034_pu,P_ni_T3609_pu,P_ni_T4051_pu,P_ni_T3817_pu)34.01:0.0101705785314114)37.96:0.07181973593883284,reference)42.17:0.14205781575105597)39.63:0.09915373518880827)34:0.010001556528174929));
Scored tree with gene names:
((P_ni_J614_arsu,P_ni_86072_arsu,P_ni_85430_arsu,P_ni_80874_arsu,P_ni_J602_arsu,P_ni_80684_arsu,P_ni_J617_arsu,P_ni_J603_arsu,P_ni_80555_arsu,P_ni_80802_arsu,P_ni_J551_arsu)33.41:0.0010515828307922762,((P_ni_85721_suta,P_ni_T10967_suta,P_ni_77876_suta,P_ni_T14543_suta,P_ni_T9076_suta,P_ni_78155_suta,P_ni_T10204_suta,P_ni_A15120_suta,P_ni_T11888_suta,P_ni_T16698_suta)33.76:0.006411767773090675,(((P_ni_J373_roar,P_ni_J381_roar,P_ni_J385_roar,P_ni_J363_roar,P_ni_J371_roar,P_ni_J684_roar,P_ni_J724_roar,P_ni_J361_roar,P_ni_J389_roar,P_ni_J417_roar)34.39:0.01591099539082852,((P_ni_T3261_jigu,P_ni_T22153_jigu,P_ni_A3255_jigu,P_ni_T15863_jigu,P_ni_T15871_jigu,P_ni_T15868_jigu)34.1:0.011489532353092458,(P_ni_A2418_ma,P_ni_J461_ma,P_ni_J462_ma,P_ni_J227_ma,P_ni_A542_ma,P_ni_T467_ma,P_ni_J434_ma,P_ni_J260_ma,P_ni_T369_ma,P_ni_J210_ma,P_ni_T443_ma,P_ni_J485_ma)33.31:0.0)34.15:0.012261625217801431)35.31:0.030032489589108965,((P_ni_T12345_pa,P_ni_A7066_pa,P_ni_A14342_pa,P_ni_T10673_pa,P_ni_T1642_pa,P_ni_T11222_pa,P_ni_A15277_pa,P_ni_T18703_pa,P_ni_T11193_pa,P_ni_T12854_pa,P_ni_T10940_pa)40.15:0.10778810002287212,(((P_ni_A7911_In,P_ni_A7928_In,P_ni_T6243_In,P_ni_A7862_In)34.59:0.019036643434828384,(P_ni_T3611_pu,P_ni_T4043_pu,P_ni_T5940_pu,P_ni_T4404_pu,P_ni_T15938_pu,P_ni_T4313_pu,P_ni_T5974_pu,P_ni_T5850_pu,P_ni_80034_pu,P_ni_T3609_pu,P_ni_T4051_pu,P_ni_T3817_pu)34.01:0.0101705785314114)37.96:0.07181973593883284,reference)42.17:0.14205781575105597)39.63:0.09915373518880827)34:0.010001556528174929));
Weight calculation took 32.897147525 secs
ASTRAL finished in 56.331 secs
