
================== ASTRAL ===================== 

This is ASTRAL version 5.7.3
Gene trees are treated as unrooted
9616 trees read from Filtered_all.trees
Scoring H_st_astral_all_out.tre
Scoring: 1 trees
Number of taxa: 61 (8 species)
Taxa: {ref=[reference], Para=[H_st_A16571_pa, H_st_T16744_pa, H_st_T17858_pa, H_st_A15208_pa, H_st_A15210_pa, H_st_A7597_pa, H_st_A11597_pa], SuTa=[H_st_T7114_suta, H_st_T10207_suta, H_st_A4899_suta, H_st_A14546_suta, H_st_T24564_suta, H_st_T12194_suta, H_st_A9955_pa, H_st_81279_suta, H_st_T11900_suta, H_st_86405_suta], Roar=[H_st_J408_roar, H_st_J762_roar, H_st_J368_roar, H_st_J711_roar, H_st_J664_roar, H_st_J374_roar, H_st_J621_roar, H_st_J665_roar, H_st_J765_roar, H_st_J370_roar, H_st_J364_roar], ArSu=[H_st_A272_arsu, H_st_85680_arsu, H_st_81143_arsu, H_ro_A409_ma, H_st_J525_arsu, H_st_77860_arsu, H_st_J572_arsu, H_st_A273_arsu, H_st_80800_arsu, H_st_78249_arsu, H_ro_A521_ma, H_st_J536_arsu, H_st_J530_arsu, H_st_85970_arsu, H_st_80727_arsu, H_ro_A410_ma, H_ro_A551_ma], Mach=[H_ro_J775_ma, H_ro_J213_ma, H_ro_T366_ma, H_ro_T471_ma, H_ro_J774_ma, H_ro_A547_ma, H_ro_J508_ma, H_ro_J305_ma, H_ro_J796_ma, H_ro_T385_ma, H_ro_T1842_ma], Puru=[H_pe_A24346_pu], JiGu=[H_oc_T15847_jigu, H_oc_T355_jigu, H_oc_A311_jigu]}
Taxon occupancy: {H_st_A272_arsu=9540, H_st_T7114_suta=9563, H_st_A16571_pa=9556, H_st_J408_roar=9498, H_st_85680_arsu=9548, H_pe_A24346_pu=5510, H_ro_J775_ma=9474, reference=9616, H_ro_J213_ma=9188, H_oc_T15847_jigu=9468, H_st_81143_arsu=9577, H_st_J762_roar=9305, H_st_J368_roar=6599, H_ro_A409_ma=9462, H_st_J525_arsu=9518, H_st_77860_arsu=8769, H_st_J572_arsu=7309, H_ro_T366_ma=9483, H_ro_T471_ma=8514, H_st_A273_arsu=9462, H_st_J711_roar=8724, H_st_J664_roar=9573, H_ro_J774_ma=9552, H_ro_A547_ma=9078, H_st_T16744_pa=9200, H_st_J374_roar=4780, H_ro_J508_ma=9425, H_st_80800_arsu=9521, H_st_T10207_suta=9270, H_st_T17858_pa=2689, H_st_J621_roar=9564, H_oc_T355_jigu=9206, H_st_78249_arsu=3186, H_ro_J305_ma=8859, H_st_A15208_pa=9262, H_st_A15210_pa=9498, H_st_J665_roar=9575, H_st_A4899_suta=4840, H_st_J765_roar=9187, H_ro_A521_ma=9541, H_oc_A311_jigu=6927, H_ro_J796_ma=8670, H_st_A7597_pa=5246, H_st_J536_arsu=9463, H_st_A11597_pa=9261, H_st_J370_roar=8252, H_st_85970_arsu=9550, H_st_J530_arsu=9453, H_st_80727_arsu=9523, H_ro_A410_ma=9553, H_ro_T385_ma=7062, H_st_A14546_suta=9503, H_st_T24564_suta=9486, H_st_J364_roar=8640, H_st_T12194_suta=9332, H_st_A9955_pa=8234, H_ro_A551_ma=9396, H_ro_T1842_ma=9043, H_st_81279_suta=7093, H_st_T11900_suta=9480, H_st_86405_suta=8626}
Number of gene trees: 9616
9212 trees have missing taxa
Using tree-based weight calculation.
Using polytree-based weight calculation.
Polytree max score: 3312439826
Polytree building time: 2.208 seconds.
Counting unresolvable quartets ... 387255737
Number of quartet trees in the gene trees: 2925184089
Final quartet score is: 1144861490
Final normalized quartet score is: 0.39138100549130944
((H_st_A272_arsu,H_st_85680_arsu,H_st_81143_arsu,H_ro_A409_ma,H_st_J525_arsu,H_st_77860_arsu,H_st_J572_arsu,H_st_A273_arsu,H_st_80800_arsu,H_st_78249_arsu,H_ro_A521_ma,H_st_J536_arsu,H_st_J530_arsu,H_st_85970_arsu,H_st_80727_arsu,H_ro_A410_ma,H_ro_A551_ma)34.5:0.017619729683894497,((H_st_T7114_suta,H_st_T10207_suta,H_st_A4899_suta,H_st_A14546_suta,H_st_T24564_suta,H_st_T12194_suta,H_st_A9955_pa,H_st_81279_suta,H_st_T11900_suta,H_st_86405_suta)33.71:0.0055935614164368515,((H_st_J408_roar,H_st_J762_roar,H_st_J368_roar,H_st_J711_roar,H_st_J664_roar,H_st_J374_roar,H_st_J621_roar,H_st_J665_roar,H_st_J765_roar,H_st_J370_roar,H_st_J364_roar)35.85:0.03843439203514076,(((H_st_A16571_pa,H_st_T16744_pa,H_st_T17858_pa,H_st_A15208_pa,H_st_A15210_pa,H_st_A7597_pa,H_st_A11597_pa)38.42:0.0792455331174444,((H_ro_J775_ma,H_ro_J213_ma,H_ro_T366_ma,H_ro_T471_ma,H_ro_J774_ma,H_ro_A547_ma,H_ro_J508_ma,H_ro_J305_ma,H_ro_J796_ma,H_ro_T385_ma,H_ro_T1842_ma)42.7:0.15127206130883936,(H_oc_T15847_jigu,H_oc_T355_jigu,H_oc_A311_jigu)32.71:0.0)39.09:0.09019203713155892)34.58:0.018795958907315547,(reference,H_pe_A24346_pu)40.44:0.11255821523629903)37.76:0.06867798948313113)33.75:0.006216382492024565));
Scored tree with gene names:
((H_st_A272_arsu,H_st_85680_arsu,H_st_81143_arsu,H_ro_A409_ma,H_st_J525_arsu,H_st_77860_arsu,H_st_J572_arsu,H_st_A273_arsu,H_st_80800_arsu,H_st_78249_arsu,H_ro_A521_ma,H_st_J536_arsu,H_st_J530_arsu,H_st_85970_arsu,H_st_80727_arsu,H_ro_A410_ma,H_ro_A551_ma)34.5:0.017619729683894497,((H_st_T7114_suta,H_st_T10207_suta,H_st_A4899_suta,H_st_A14546_suta,H_st_T24564_suta,H_st_T12194_suta,H_st_A9955_pa,H_st_81279_suta,H_st_T11900_suta,H_st_86405_suta)33.71:0.0055935614164368515,((H_st_J408_roar,H_st_J762_roar,H_st_J368_roar,H_st_J711_roar,H_st_J664_roar,H_st_J374_roar,H_st_J621_roar,H_st_J665_roar,H_st_J765_roar,H_st_J370_roar,H_st_J364_roar)35.85:0.03843439203514076,(((H_st_A16571_pa,H_st_T16744_pa,H_st_T17858_pa,H_st_A15208_pa,H_st_A15210_pa,H_st_A7597_pa,H_st_A11597_pa)38.42:0.0792455331174444,((H_ro_J775_ma,H_ro_J213_ma,H_ro_T366_ma,H_ro_T471_ma,H_ro_J774_ma,H_ro_A547_ma,H_ro_J508_ma,H_ro_J305_ma,H_ro_J796_ma,H_ro_T385_ma,H_ro_T1842_ma)42.7:0.15127206130883936,(H_oc_T15847_jigu,H_oc_T355_jigu,H_oc_A311_jigu)32.71:0.0)39.09:0.09019203713155892)34.58:0.018795958907315547,(reference,H_pe_A24346_pu)40.44:0.11255821523629903)37.76:0.06867798948313113)33.75:0.006216382492024565));
Weight calculation took 25.228065897 secs
ASTRAL finished in 39.786 secs
