
================== ASTRAL ===================== 

This is ASTRAL version 5.7.3
Gene trees are treated as unrooted
10244 trees read from Filtered_all.trees
Scoring T_ae_astral_all_out.tre
Scoring: 1 trees
Number of taxa: 64 (9 species)
Taxa: {reference=[reference], Inam=[T_ae_T14205_In, T_ae_75520_In, T_ae_28095_In, T_ae_A7968_In, T_ae_A8087_In, T_ae_T3376_jigu], Para=[T_ae_T19420_pa, T_ae_T13575_pa, T_ae_T8268_pa, T_ae_T19436_suta, T_ae_A15279_pa, T_ae_T10679_pa, T_ae_T17307_pa], SuTa=[T_ae_T7941_suta, T_ae_85274_suta, T_ae_T16704_suta, T_ae_T24591_suta, T_ae_T16625_suta, T_ae_A15069_suta, T_ae_T742_suta, T_ae_T14601_suta, T_ae_A16041_suta, T_ae_T10229_suta], RoAr=[T_ae_J683_roar, T_ae_J678_roar, T_ae_J419_roar, T_ae_J319_roar], ArSu=[T_ae_86569_arsu, T_ae_86147_arsu, T_ae_80508_arsu, T_ae_80716_arsu, T_ae_86229_arsu, T_ae_J616_arsu, T_ae_81278_arsu, T_ae_A522_ma, T_ae_J598_arsu, T_ae_81290_arsu, T_ae_81338_arsu], Mach=[T_ae_J252_ma, T_ae_J298_ma, T_ae_A509_ma, T_ae_T4355_ma, T_ae_T2207_ma, T_ae_J261_ma, T_ae_T2166_ma, T_ae_A458_ma, T_ae_J249_ma, T_ae_T13278_ma], JiGu=[T_ae_A317_jigu, T_ae_T3260_jigu, T_ae_A324_jigu, T_ae_T3237_jigu], Puru=[T_ae_82491_pu, T_ae_T13219_pu, T_ae_A2833_pu, T_ae_A2720_pu, T_ae_82606_pu, T_ae_A3559_pu, T_ae_T12313_pu, T_ae_A21562_pu, T_ae_A24377_pu, T_ae_A439_pu, T_ae_82608_pu]}
Taxon occupancy: {T_ae_A317_jigu=10158, T_ae_82491_pu=8513, T_ae_T7941_suta=1716, T_ae_86569_arsu=4870, T_ae_86147_arsu=10170, T_ae_T13219_pu=10167, T_ae_85274_suta=10148, T_ae_T3260_jigu=9959, T_ae_T16704_suta=9853, T_ae_J252_ma=9874, T_ae_80508_arsu=10193, reference=10244, T_ae_80716_arsu=10185, T_ae_J298_ma=9729, T_ae_A509_ma=10131, T_ae_T19420_pa=9275, T_ae_86229_arsu=10159, T_ae_A324_jigu=9548, T_ae_J616_arsu=10014, T_ae_A2833_pu=10134, T_ae_T14205_In=9782, T_ae_T24591_suta=10148, T_ae_T13575_pa=10143, T_ae_T16625_suta=5487, T_ae_81278_arsu=10150, T_ae_A2720_pu=9877, T_ae_J683_roar=9990, T_ae_75520_In=10044, T_ae_82606_pu=9957, T_ae_J678_roar=10147, T_ae_A3559_pu=9955, T_ae_28095_In=9916, T_ae_A7968_In=8919, T_ae_A522_ma=9865, T_ae_T8268_pa=9901, T_ae_A15069_suta=9749, T_ae_J598_arsu=8954, T_ae_81290_arsu=9773, T_ae_J419_roar=10178, T_ae_T742_suta=8674, T_ae_T4355_ma=9957, T_ae_T19436_suta=10140, T_ae_T2207_ma=10057, T_ae_J319_roar=10167, T_ae_T14601_suta=6636, T_ae_A15279_pa=10087, T_ae_T12313_pu=10154, T_ae_J261_ma=9727, T_ae_A24377_pu=9344, T_ae_A21562_pu=1498, T_ae_A439_pu=10091, T_ae_81338_arsu=2536, T_ae_T3237_jigu=9940, T_ae_T10679_pa=9886, T_ae_T2166_ma=6991, T_ae_A8087_In=10059, T_ae_T3376_jigu=9779, T_ae_A458_ma=9718, T_ae_J249_ma=10083, T_ae_T13278_ma=10141, T_ae_T17307_pa=9704, T_ae_A16041_suta=6618, T_ae_T10229_suta=10043, T_ae_82608_pu=8160}
Number of gene trees: 10244
10100 trees have missing taxa
Using tree-based weight calculation.
Using polytree-based weight calculation.
Polytree max score: 4295481501
Polytree building time: 2.708 seconds.
Counting unresolvable quartets ... 220368930
Number of quartet trees in the gene trees: 4075112571
Final quartet score is: 1489261127
Final normalized quartet score is: 0.3654527576975738
((T_ae_A317_jigu,T_ae_T3260_jigu,T_ae_A324_jigu,T_ae_T3237_jigu)36.51:0.048794182683620596,((T_ae_J252_ma,T_ae_J298_ma,T_ae_A509_ma,T_ae_T4355_ma,T_ae_T2207_ma,T_ae_J261_ma,T_ae_T2166_ma,T_ae_A458_ma,T_ae_J249_ma,T_ae_T13278_ma)32.53:0.0,((T_ae_J683_roar,T_ae_J678_roar,T_ae_J419_roar,T_ae_J319_roar)33.43:0.0013569932769715472,(((T_ae_82491_pu,T_ae_T13219_pu,T_ae_A2833_pu,T_ae_A2720_pu,T_ae_82606_pu,T_ae_A3559_pu,T_ae_T12313_pu,T_ae_A21562_pu,T_ae_A24377_pu,T_ae_A439_pu,T_ae_82608_pu)34.48:0.01731686151304822,(T_ae_T14205_In,T_ae_75520_In,T_ae_28095_In,T_ae_A7968_In,T_ae_A8087_In,T_ae_T3376_jigu)34.03:0.010450701372708078)36.44:0.047623201580013486,((T_ae_86569_arsu,T_ae_86147_arsu,T_ae_80508_arsu,T_ae_80716_arsu,T_ae_86229_arsu,T_ae_J616_arsu,T_ae_81278_arsu,T_ae_A522_ma,T_ae_J598_arsu,T_ae_81290_arsu,T_ae_81338_arsu)33.84:0.00749805068423228,(((T_ae_T7941_suta,T_ae_85274_suta,T_ae_T16704_suta,T_ae_T24591_suta,T_ae_T16625_suta,T_ae_A15069_suta,T_ae_T742_suta,T_ae_T14601_suta,T_ae_A16041_suta,T_ae_T10229_suta)32.23:0.0,(T_ae_T19420_pa,T_ae_T13575_pa,T_ae_T8268_pa,T_ae_T19436_suta,T_ae_A15279_pa,T_ae_T10679_pa,T_ae_T17307_pa)40:0.10533803008213609)34.46:0.016940671659046495,reference)33.83:0.007381536900319474)35.03:0.025717530094709364)35.55:0.03382161438467604)34.54:0.018239664225047796));
Scored tree with gene names:
((T_ae_A317_jigu,T_ae_T3260_jigu,T_ae_A324_jigu,T_ae_T3237_jigu)36.51:0.048794182683620596,((T_ae_J252_ma,T_ae_J298_ma,T_ae_A509_ma,T_ae_T4355_ma,T_ae_T2207_ma,T_ae_J261_ma,T_ae_T2166_ma,T_ae_A458_ma,T_ae_J249_ma,T_ae_T13278_ma)32.53:0.0,((T_ae_J683_roar,T_ae_J678_roar,T_ae_J419_roar,T_ae_J319_roar)33.43:0.0013569932769715472,(((T_ae_82491_pu,T_ae_T13219_pu,T_ae_A2833_pu,T_ae_A2720_pu,T_ae_82606_pu,T_ae_A3559_pu,T_ae_T12313_pu,T_ae_A21562_pu,T_ae_A24377_pu,T_ae_A439_pu,T_ae_82608_pu)34.48:0.01731686151304822,(T_ae_T14205_In,T_ae_75520_In,T_ae_28095_In,T_ae_A7968_In,T_ae_A8087_In,T_ae_T3376_jigu)34.03:0.010450701372708078)36.44:0.047623201580013486,((T_ae_86569_arsu,T_ae_86147_arsu,T_ae_80508_arsu,T_ae_80716_arsu,T_ae_86229_arsu,T_ae_J616_arsu,T_ae_81278_arsu,T_ae_A522_ma,T_ae_J598_arsu,T_ae_81290_arsu,T_ae_81338_arsu)33.84:0.00749805068423228,(((T_ae_T7941_suta,T_ae_85274_suta,T_ae_T16704_suta,T_ae_T24591_suta,T_ae_T16625_suta,T_ae_A15069_suta,T_ae_T742_suta,T_ae_T14601_suta,T_ae_A16041_suta,T_ae_T10229_suta)32.23:0.0,(T_ae_T19420_pa,T_ae_T13575_pa,T_ae_T8268_pa,T_ae_T19436_suta,T_ae_A15279_pa,T_ae_T10679_pa,T_ae_T17307_pa)40:0.10533803008213609)34.46:0.016940671659046495,reference)33.83:0.007381536900319474)35.03:0.025717530094709364)35.55:0.03382161438467604)34.54:0.018239664225047796));
Weight calculation took 16.420810033 secs
ASTRAL finished in 36.395 secs
