
================== ASTRAL ===================== 

This is ASTRAL version 5.7.3
Gene trees are treated as unrooted
11267 trees read from Filtered_all.trees
Scoring G_cy_astral_all_out.tre
Scoring: 1 trees
Number of taxa: 52 (9 species)
Taxa: {ref=[reference], Inam=[G_cy_T23196_In, G_cy_T7636_In, G_cy_T310_In, G_cy_T12385_In], Para=[G_cy_T16771_pa, G_cy_T18744_pa, G_cy_T9133_pa, G_cy_T19520_pa, G_cy_T10897_pa, G_cy_T2497_pa, G_cy_T19429_pa, G_cy_T6579_pa, G_cy_T1705_pa, G_cy_T11062_pa, G_cy_T19765_pa], SuTa=[G_cy_T18620_suta, G_cy_85356_suta, G_cy_86321_suta, G_cy_86458_suta, G_cy_T16693_suta, G_cy_T18563_suta, G_cy_T14558_suta, G_cy_86478_suta, G_cy_86297_suta], RoAr=[G_cy_J694_roar, G_cy_J691_roar], ArSu=[G_cy_80701_arsu, G_cy_80801_arsu, G_cy_85678_arsu, G_cy_80582_arsu, G_cy_80826_arsu, G_cy_81108_arsu, G_cy_85499_arsu, G_cy_81118_arsu], Mach=[G_cy_J773_ma, G_cy_T363_ma, G_cy_J477_ma, G_cy_T13251_ma, G_cy_J296_ma, G_cy_T364_ma], Puru=[G_cy_82508_pu, G_cy_T13184_pu, G_cy_T12279_pu, G_cy_T12275_pu, G_cy_T12392_pu, G_cy_T26229_pu, G_cy_T26228_pu, G_cy_T26252_pu], JiGu=[G_cy_T3343_jigu, G_cy_T3384_jigu, G_cy_T3385_jigu]}
Taxon occupancy: {G_cy_J773_ma=10827, G_cy_T16771_pa=10671, G_cy_80701_arsu=11056, G_cy_80801_arsu=11119, G_cy_T18620_suta=10932, G_cy_T18744_pa=10689, G_cy_85356_suta=11090, G_cy_82508_pu=11040, G_cy_T23196_In=11064, G_cy_T9133_pa=5492, G_cy_T363_ma=10982, reference=11267, G_cy_T3343_jigu=10404, G_cy_T13184_pu=6450, G_cy_T12279_pu=11148, G_cy_T12275_pu=11052, G_cy_86321_suta=9216, G_cy_T19520_pa=9130, G_cy_T10897_pa=10957, G_cy_T2497_pa=9236, G_cy_T19429_pa=11196, G_cy_86458_suta=10414, G_cy_85678_arsu=10994, G_cy_T6579_pa=10499, G_cy_T1705_pa=10936, G_cy_T11062_pa=10702, G_cy_J477_ma=10380, G_cy_T16693_suta=10481, G_cy_T7636_In=10919, G_cy_T3384_jigu=10914, G_cy_80582_arsu=10926, G_cy_80826_arsu=11091, G_cy_T12392_pu=10839, G_cy_81108_arsu=10851, G_cy_T26229_pu=5303, G_cy_T3385_jigu=10971, G_cy_T310_In=9025, G_cy_85499_arsu=11030, G_cy_T18563_suta=11167, G_cy_T13251_ma=10995, G_cy_T19765_pa=10924, G_cy_T26228_pu=4664, G_cy_J694_roar=9914, G_cy_81118_arsu=11155, G_cy_T12385_In=11120, G_cy_T364_ma=11005, G_cy_J296_ma=11112, G_cy_T14558_suta=11025, G_cy_86478_suta=6263, G_cy_86297_suta=10136, G_cy_J691_roar=11106, G_cy_T26252_pu=9734}
Number of gene trees: 11267
10148 trees have missing taxa
Using tree-based weight calculation.
Using polytree-based weight calculation.
Polytree max score: 2127169763
Polytree building time: 2.195 seconds.
Counting unresolvable quartets ... 130449112
Number of quartet trees in the gene trees: 1996720651
Final quartet score is: 841089001
Final normalized quartet score is: 0.4212351890980668
((G_cy_J773_ma,G_cy_T363_ma,G_cy_J477_ma,G_cy_T13251_ma,G_cy_J296_ma,G_cy_T364_ma)0.98:0.01704954405459614,((G_cy_J694_roar,G_cy_J691_roar)0:0.0,((G_cy_T16771_pa,G_cy_T18744_pa,G_cy_T9133_pa,G_cy_T19520_pa,G_cy_T10897_pa,G_cy_T2497_pa,G_cy_T19429_pa,G_cy_T6579_pa,G_cy_T1705_pa,G_cy_T11062_pa,G_cy_T19765_pa)1:0.1560370602852214,(((G_cy_80701_arsu,G_cy_80801_arsu,G_cy_85678_arsu,G_cy_80582_arsu,G_cy_80826_arsu,G_cy_81108_arsu,G_cy_85499_arsu,G_cy_81118_arsu)1:0.06356970290563055,(G_cy_T18620_suta,G_cy_85356_suta,G_cy_86321_suta,G_cy_86458_suta,G_cy_T16693_suta,G_cy_T18563_suta,G_cy_T14558_suta,G_cy_86478_suta,G_cy_86297_suta)0.16:0.0)1:0.15536421060862038,(((G_cy_82508_pu,G_cy_T13184_pu,G_cy_T12279_pu,G_cy_T12275_pu,G_cy_T12392_pu,G_cy_T26229_pu,G_cy_T26228_pu,G_cy_T26252_pu)1:0.025192404167337805,((G_cy_T23196_In,G_cy_T7636_In,G_cy_T310_In,G_cy_T12385_In)0:0.0,(G_cy_T3343_jigu,G_cy_T3384_jigu,G_cy_T3385_jigu)1:0.032598522966412254)1:0.14751357996629916)0.95:0.026622593392856053,reference)1:0.05174886380068771)1:0.03181382629519059)1:0.10013211051704608));
Scored tree with gene names:
((G_cy_J773_ma,G_cy_T363_ma,G_cy_J477_ma,G_cy_T13251_ma,G_cy_J296_ma,G_cy_T364_ma)0.98:0.01704954405459614,((G_cy_J694_roar,G_cy_J691_roar)0:0.0,((G_cy_T16771_pa,G_cy_T18744_pa,G_cy_T9133_pa,G_cy_T19520_pa,G_cy_T10897_pa,G_cy_T2497_pa,G_cy_T19429_pa,G_cy_T6579_pa,G_cy_T1705_pa,G_cy_T11062_pa,G_cy_T19765_pa)1:0.1560370602852214,(((G_cy_80701_arsu,G_cy_80801_arsu,G_cy_85678_arsu,G_cy_80582_arsu,G_cy_80826_arsu,G_cy_81108_arsu,G_cy_85499_arsu,G_cy_81118_arsu)1:0.06356970290563055,(G_cy_T18620_suta,G_cy_85356_suta,G_cy_86321_suta,G_cy_86458_suta,G_cy_T16693_suta,G_cy_T18563_suta,G_cy_T14558_suta,G_cy_86478_suta,G_cy_86297_suta)0.16:0.0)1:0.15536421060862038,(((G_cy_82508_pu,G_cy_T13184_pu,G_cy_T12279_pu,G_cy_T12275_pu,G_cy_T12392_pu,G_cy_T26229_pu,G_cy_T26228_pu,G_cy_T26252_pu)1:0.025192404167337805,((G_cy_T23196_In,G_cy_T7636_In,G_cy_T310_In,G_cy_T12385_In)0:0.0,(G_cy_T3343_jigu,G_cy_T3384_jigu,G_cy_T3385_jigu)1:0.032598522966412254)1:0.14751357996629916)0.95:0.026622593392856053,reference)1:0.05174886380068771)1:0.03181382629519059)1:0.10013211051704608));
Weight calculation took 8.525175483 secs
ASTRAL finished in 22.001 secs
