
================== ASTRAL ===================== 

This is ASTRAL version 5.7.3
Gene trees are treated as unrooted
13382 trees read from Filtered_all.trees
Scoring W_po_astral_all_out.tre
Scoring: 1 trees
Number of taxa: 76 (9 species)
Taxa: {ref=[reference], Inam_Puru=[W_po_T4097_In, W_po_T12362_In, W_po_T23485_In, W_po_A815_In, W_po_T3645_In], Para=[W_po_T12793_pa, W_po_A7346_pa, W_po_A9868_pa, W_po_T9346_pa, W_po_T7132_pa, W_po_A14569_pa, W_po_T10694_pa, W_po_A16227_pa, W_po_25484_pa, W_po_A12284_pa], SuTa=[W_po_81265_suta, W_po_T10234_suta, W_po_T11887_suta, W_po_A16298_suta, W_po_T10153_suta], RoAr=[W_po_J340_roar, W_po_J768_roar, W_po_J421_roar, W_po_J391_roar, W_po_J335_roar, W_po_J644_roar, W_po_J766_roar], ArSu=[W_po_J610_arsu, W_po_80798_arsu, W_po_81036_arsu, W_po_J563_arsu, W_po_85474_arsu, W_po_A891_arsu, W_po_J561_arsu, W_po_86085_arsu], Mach=[W_po_T388_ma, W_po_J439_ma, W_po_A472_ma, W_po_A24413_ma, W_po_T2190_ma, W_po_A902_ma, W_po_T3157_ma, W_po_J222_ma, W_po_A4235_ma, W_po_A882_ma, W_po_J209_ma, W_po_A896_ma, W_po_J226_ma, W_po_J202_ma, W_po_A465_ma, W_po_J192_ma, W_po_J163_ma, W_po_A894_ma, W_po_A898_ma, W_po_J302_ma], JiGu=[W_po_T15889_jigu, W_po_A334_jigu, W_po_T7625_jigu, W_po_T15888_jigu, W_po_A308_jigu, W_po_A265_pu, W_po_A368_jigu, W_po_T7627_jigu, W_po_A3264_jigu], Puru=[W_po_T13148_pu, W_po_A1381_pu, W_po_A2759_pu, W_po_A10701_pu, W_po_A424_pu, W_po_A2725_pu, W_po_A9697_pu, W_po_T12400_pu, W_po_A7736_pu, W_po_A2749_pu, W_po_A101_pu]}
Taxon occupancy: {W_po_T388_ma=12989, W_po_T12793_pa=12793, W_po_T4097_In=12747, W_po_81265_suta=8967, W_po_T15889_jigu=13282, W_po_A334_jigu=8588, W_po_J439_ma=13245, W_po_A472_ma=13252, W_po_A7346_pa=11618, W_po_T12362_In=13137, W_po_A24413_ma=9015, W_po_T13148_pu=13128, W_po_T2190_ma=13275, W_po_A1381_pu=12717, reference=13382, W_po_A902_ma=13196, W_po_A2759_pu=12665, W_po_J340_roar=13143, W_po_T3157_ma=13086, W_po_T7625_jigu=13005, W_po_T15888_jigu=12938, W_po_A9868_pa=11138, W_po_T9346_pa=12772, W_po_A308_jigu=10163, W_po_J222_ma=13018, W_po_T10234_suta=12927, W_po_A4235_ma=12470, W_po_J610_arsu=13090, W_po_A882_ma=13256, W_po_T7132_pa=12619, W_po_A10701_pu=12451, W_po_T11887_suta=13131, W_po_J209_ma=12646, W_po_A424_pu=13266, W_po_80798_arsu=12732, W_po_81036_arsu=13041, W_po_J563_arsu=13072, W_po_A896_ma=12905, W_po_J226_ma=13166, W_po_J768_roar=13031, W_po_85474_arsu=12718, W_po_A14569_pa=12909, W_po_J421_roar=13136, W_po_J391_roar=12638, W_po_A2725_pu=13242, W_po_T10694_pa=10866, W_po_A891_arsu=13241, W_po_J202_ma=4557, W_po_A265_pu=13223, W_po_T23485_In=8559, W_po_A368_jigu=13206, W_po_T7627_jigu=12591, W_po_J335_roar=13082, W_po_J644_roar=13123, W_po_A9697_pu=12752, W_po_T12400_pu=12519, W_po_A3264_jigu=13287, W_po_A465_ma=9520, W_po_J766_roar=11997, W_po_A815_In=13241, W_po_A16298_suta=13070, W_po_J192_ma=12535, W_po_A7736_pu=13045, W_po_A16227_pa=10476, W_po_T3645_In=12145, W_po_J163_ma=13246, W_po_A2749_pu=13085, W_po_J561_arsu=12892, W_po_A894_ma=13220, W_po_A101_pu=9309, W_po_25484_pa=12226, W_po_T10153_suta=12496, W_po_A898_ma=13118, W_po_J302_ma=11402, W_po_86085_arsu=12798, W_po_A12284_pa=12989}
Number of gene trees: 13382
11832 trees have missing taxa
Using tree-based weight calculation.
Using polytree-based weight calculation.
Polytree max score: 12839157393
Polytree building time: 7.818 seconds.
Counting unresolvable quartets ... 988712408
Number of quartet trees in the gene trees: 11850444985
Final quartet score is: 4898643780
Final normalized quartet score is: 0.41337213802524564
((W_po_T388_ma,W_po_J439_ma,W_po_A472_ma,W_po_A24413_ma,W_po_T2190_ma,W_po_A902_ma,W_po_T3157_ma,W_po_J222_ma,W_po_A4235_ma,W_po_A882_ma,W_po_J209_ma,W_po_A896_ma,W_po_J226_ma,W_po_J202_ma,W_po_A465_ma,W_po_J192_ma,W_po_J163_ma,W_po_A894_ma,W_po_A898_ma,W_po_J302_ma)33.24:0.0,((W_po_T15889_jigu,W_po_A334_jigu,W_po_T7625_jigu,W_po_T15888_jigu,W_po_A308_jigu,W_po_A265_pu,W_po_A368_jigu,W_po_T7627_jigu,W_po_A3264_jigu)36.19:0.043723343112855986,((W_po_J340_roar,W_po_J768_roar,W_po_J421_roar,W_po_J391_roar,W_po_J335_roar,W_po_J644_roar,W_po_J766_roar)33.75:0.006267739975682217,((W_po_J610_arsu,W_po_80798_arsu,W_po_81036_arsu,W_po_J563_arsu,W_po_85474_arsu,W_po_A891_arsu,W_po_J561_arsu,W_po_86085_arsu)34.39:0.015894715965217777,((W_po_T13148_pu,W_po_A1381_pu,W_po_A2759_pu,W_po_A10701_pu,W_po_A424_pu,W_po_A2725_pu,W_po_A9697_pu,W_po_T12400_pu,W_po_A7736_pu,W_po_A2749_pu,W_po_A101_pu)34.68:0.020313215158095668,((W_po_T4097_In,W_po_T12362_In,W_po_T23485_In,W_po_A815_In,W_po_T3645_In)33.49:0.0022473100469490703,(((W_po_T12793_pa,W_po_A7346_pa,W_po_A9868_pa,W_po_T9346_pa,W_po_T7132_pa,W_po_A14569_pa,W_po_T10694_pa,W_po_A16227_pa,W_po_25484_pa,W_po_A12284_pa)42.76:0.15236537677737105,(W_po_81265_suta,W_po_T10234_suta,W_po_T11887_suta,W_po_A16298_suta,W_po_T10153_suta)38.29:0.07728380978894167)47.29:0.23485750295177305,reference)47.37:0.23633611159749182)34.4:0.016148452738785984)39.98:0.10496928390426481)34.24:0.013663131684391396)33.58:0.0036025596480046165));
Scored tree with gene names:
((W_po_T388_ma,W_po_J439_ma,W_po_A472_ma,W_po_A24413_ma,W_po_T2190_ma,W_po_A902_ma,W_po_T3157_ma,W_po_J222_ma,W_po_A4235_ma,W_po_A882_ma,W_po_J209_ma,W_po_A896_ma,W_po_J226_ma,W_po_J202_ma,W_po_A465_ma,W_po_J192_ma,W_po_J163_ma,W_po_A894_ma,W_po_A898_ma,W_po_J302_ma)33.24:0.0,((W_po_T15889_jigu,W_po_A334_jigu,W_po_T7625_jigu,W_po_T15888_jigu,W_po_A308_jigu,W_po_A265_pu,W_po_A368_jigu,W_po_T7627_jigu,W_po_A3264_jigu)36.19:0.043723343112855986,((W_po_J340_roar,W_po_J768_roar,W_po_J421_roar,W_po_J391_roar,W_po_J335_roar,W_po_J644_roar,W_po_J766_roar)33.75:0.006267739975682217,((W_po_J610_arsu,W_po_80798_arsu,W_po_81036_arsu,W_po_J563_arsu,W_po_85474_arsu,W_po_A891_arsu,W_po_J561_arsu,W_po_86085_arsu)34.39:0.015894715965217777,((W_po_T13148_pu,W_po_A1381_pu,W_po_A2759_pu,W_po_A10701_pu,W_po_A424_pu,W_po_A2725_pu,W_po_A9697_pu,W_po_T12400_pu,W_po_A7736_pu,W_po_A2749_pu,W_po_A101_pu)34.68:0.020313215158095668,((W_po_T4097_In,W_po_T12362_In,W_po_T23485_In,W_po_A815_In,W_po_T3645_In)33.49:0.0022473100469490703,(((W_po_T12793_pa,W_po_A7346_pa,W_po_A9868_pa,W_po_T9346_pa,W_po_T7132_pa,W_po_A14569_pa,W_po_T10694_pa,W_po_A16227_pa,W_po_25484_pa,W_po_A12284_pa)42.76:0.15236537677737105,(W_po_81265_suta,W_po_T10234_suta,W_po_T11887_suta,W_po_A16298_suta,W_po_T10153_suta)38.29:0.07728380978894167)47.29:0.23485750295177305,reference)47.37:0.23633611159749182)34.4:0.016148452738785984)39.98:0.10496928390426481)34.24:0.013663131684391396)33.58:0.0036025596480046165));
Weight calculation took 55.641330131 secs
ASTRAL finished in 86.325 secs
